<?xml version="1.0" encoding="UTF-8"?>
<!-- Generated by org.testng.reporters.JUnitReportReporter -->
<testsuite hostname="Aams-MacBook-Pro-2.local" name="com.paxotech.api.HeatClinicTest" tests="6" failures="0" timestamp="23 Aug 2016 17:49:22 GMT" time="6.643" errors="0">
  <testcase name="test2" time="0.160" classname="com.paxotech.api.HeatClinicTest"/>
  <testcase name="test5" time="0.044" classname="com.paxotech.api.HeatClinicTest"/>
  <testcase name="test4" time="0.411" classname="com.paxotech.api.HeatClinicTest"/>
  <testcase name="test3" time="0.155" classname="com.paxotech.api.HeatClinicTest"/>
  <testcase name="chqconnectiontest" time="5.677" classname="com.paxotech.api.HeatClinicTest"/>
  <testcase name="testJson1" time="0.196" classname="com.paxotech.api.HeatClinicTest"/>
</testsuite> <!-- com.paxotech.api.HeatClinicTest -->
