<?xml version="1.0" encoding="UTF-8"?>
<!-- Generated by org.testng.reporters.JUnitReportReporter -->
<testsuite hostname="Aams-MacBook-Pro-2.local" name="com.paxotech.api.HeatClinicTest" tests="6" failures="0" timestamp="23 Aug 2016 17:54:45 GMT" time="6.469" errors="0">
  <testcase name="test2" time="0.147" classname="com.paxotech.api.HeatClinicTest"/>
  <testcase name="test3" time="0.134" classname="com.paxotech.api.HeatClinicTest"/>
  <testcase name="test5" time="0.054" classname="com.paxotech.api.HeatClinicTest"/>
  <testcase name="chqconnectiontest" time="1.782" classname="com.paxotech.api.HeatClinicTest"/>
  <testcase name="test4" time="0.478" classname="com.paxotech.api.HeatClinicTest"/>
  <testcase name="testJson1" time="3.874" classname="com.paxotech.api.HeatClinicTest"/>
</testsuite> <!-- com.paxotech.api.HeatClinicTest -->
