<?xml version="1.0" encoding="UTF-8"?>
<!-- Generated by org.testng.reporters.JUnitReportReporter -->
<testsuite hostname="Aams-MacBook-Pro-2.local" name="com.paxotech.api.SpreeTest" tests="5" failures="0" timestamp="23 Aug 2016 17:39:15 GMT" time="6.333" errors="0">
  <testcase name="chqconnectiontest" time="2.322" classname="com.paxotech.api.SpreeTest"/>
  <testcase name="test4" time="0.234" classname="com.paxotech.api.SpreeTest"/>
  <testcase name="test2" time="3.237" classname="com.paxotech.api.SpreeTest"/>
  <testcase name="test5" time="0.374" classname="com.paxotech.api.SpreeTest"/>
  <testcase name="test3" time="0.166" classname="com.paxotech.api.SpreeTest"/>
</testsuite> <!-- com.paxotech.api.SpreeTest -->
