<?xml version="1.0" encoding="UTF-8"?>
<!-- Generated by org.testng.reporters.JUnitReportReporter -->
<testsuite hostname="Aams-MacBook-Pro-2.local" name="com.paxotech.api.SpreeTest" tests="5" failures="0" timestamp="23 Aug 2016 17:49:22 GMT" time="6.927" errors="0">
  <testcase name="test4" time="0.427" classname="com.paxotech.api.SpreeTest"/>
  <testcase name="test3" time="0.550" classname="com.paxotech.api.SpreeTest"/>
  <testcase name="chqconnectiontest" time="2.991" classname="com.paxotech.api.SpreeTest"/>
  <testcase name="test5" time="0.685" classname="com.paxotech.api.SpreeTest"/>
  <testcase name="test2" time="2.274" classname="com.paxotech.api.SpreeTest"/>
</testsuite> <!-- com.paxotech.api.SpreeTest -->
